<?xml version="1.0" encoding="UTF-8" ?>
<testsuites errors="0"
            failures="1"
            tests="1">

  <testsuite name="header_links-home"
    errors="0" failures="1" hostname="" id="" package="header_links-home" skipped="0"
    tests="1" time="6.061" timestamp="">
  
    <testcase name="step one: verify T1 Header - UW Med imgLink (Home)" classname="header_links-home" time="6.061" assertions="2">

      <failure message="Testing if the page title contains [0;33m&#39;UW Medicine&#39;[0m in 5000ms - expected [0;32m&#34;contains &#39;UW Medicine&#39;&#34;[0m but got: [0;31m&#34;&#34;[0m [0;90m(5504ms)[0m">    at Object.step one: verify T1 Header - UW Med imgLink (Home) (/Users/gray/git/uwmcms/_tests/gray/tests/single/header_links-home.js:8:11)
    at processTicksAndRejections (internal/process/task_queues.js:97:5)</failure>

    
      <failure message="    at Object.step one: verify T1 Header - UW Med imgLink (Home) (/Users/gray/git/uwmcms/_tests/gray/tests/single/header_links-home.js:8:11)">    at processTicksAndRejections (internal/process/task_queues.js:97:5)</failure>
    </testcase>
  

  

  
  </testsuite>
</testsuites>
