<?xml version="1.0" encoding="UTF-8" ?>
<testsuites errors="1"
            failures="1"
            tests="1">

  <testsuite name="provider_card_01"
    errors="1" failures="1" hostname="" id="" package="provider_card_01" skipped="0"
    tests="1" time="8.405" timestamp="">
  
    <testcase name="navigate to Providers page, validate provider card" classname="provider_card_01" time="8.405" assertions="1">  <failure message="Timed out while waiting for element &lt;body&gt; to be present for 5000 milliseconds. - expected [0;32m&#34;visible&#34;[0m but got: [0;31m&#34;not found&#34;[0m [0;90m(8397ms)[0m">    at Object.navigate to Providers page, validate provider card (/Users/gray/git/uwmcms/_tests/gray/tests/single/provider_card_01.js:7:4)
    at processTicksAndRejections (internal/process/task_queues.js:97:5)</failure>

    
      <failure message="    at Object.navigate to Providers page, validate provider card (/Users/gray/git/uwmcms/_tests/gray/tests/single/provider_card_01.js:7:4)">    at processTicksAndRejections (internal/process/task_queues.js:97:5)</failure>
      <error message="Timed out while waiting for element &lt;body&gt; to be present for 5000 milliseconds. - expected [0;32m&#34;visible&#34;[0m but got: [0;31m&#34;not found&#34;[0m [0;90m(8397ms)[0m" type="error">    at processTicksAndRejections (internal/process/task_queues.js:97:5)</error>
    
    </testcase>
  

  
    <system-err>
      [0;31m  TypeError: Cannot read property &#39;containsText&#39; of undefined[0m
[0;90m       at Object.navigate to Providers page, validate provider card (/Users/gray/git/uwmcms/_tests/gray/tests/single/provider_card_01.js:33:9)
       at processTicksAndRejections (internal/process/task_queues.js:97:5)[0m
    </system-err>
  

  
  </testsuite>
</testsuites>
